<?xml version="1.0" encoding="UTF-8"?>
<!-- Generated by org.testng.reporters.JUnitReportReporter -->
<testsuite skipped="0" hostname="DESKTOP-KVILGHV" name="testCases.TC002" tests="1" failures="0" timestamp="01 May 2018 08:05:03 GMT" time="34.154" errors="0">
  <testcase name="createDoctor" time="34.154" classname="testCases.TC002"/>
</testsuite> <!-- testCases.TC002 -->
