<?xml version="1.0" encoding="UTF-8"?>
<!-- Generated by org.testng.reporters.JUnitReportReporter -->
<testsuite skipped="0" hostname="DESKTOP-KVILGHV" name="testCases.TC001" tests="1" failures="0" timestamp="30 Apr 2018 13:09:54 GMT" time="34.501" errors="0">
  <testcase name="Loginto" time="34.501" classname="testCases.TC001"/>
</testsuite> <!-- testCases.TC001 -->
