<?xml version="1.0" encoding="UTF-8"?>
<!-- Generated by org.testng.reporters.JUnitReportReporter -->
<testsuite skipped="0" hostname="DESKTOP-KVILGHV" name="testCases.TC001" tests="1" failures="0" timestamp="01 May 2018 11:20:40 GMT" time="33.990" errors="0">
  <testcase name="Loginto" time="33.990" classname="testCases.TC001"/>
</testsuite> <!-- testCases.TC001 -->
