<?xml version="1.0" encoding="UTF-8"?>
<!-- Generated by org.testng.reporters.JUnitReportReporter -->
<testsuite skipped="0" hostname="DESKTOP-KVILGHV" name="testCases.TC002" tests="1" failures="0" timestamp="30 Apr 2018 13:09:54 GMT" time="36.223" errors="0">
  <testcase name="createDoctor" time="36.223" classname="testCases.TC002"/>
</testsuite> <!-- testCases.TC002 -->
